<?xml version="1.0" encoding="UTF-8"?>
<!-- Generated by org.testng.reporters.JUnitReportReporter -->
<testsuite hostname="DESKTOP-D6DO249" failures="0" tests="3" name="priorites.P1" time="4.986" errors="0" timestamp="2022-07-03T17:06:44 EDT" skipped="0">
  <testcase classname="priorites.P1" name="getTiltle" time="2.048"/>
  <system-out/>
  <testcase classname="priorites.P1" name="login" time="1.584"/>
  <system-out/>
  <testcase classname="priorites.P1" name="getLogo" time="1.354"/>
  <system-out/>
</testsuite> <!-- priorites.P1 -->
